<?xml version="1.0" encoding="UTF-8"?>
<testsuite name="com.bugchecker.BugCheckerTest" tests="1" skipped="0" failures="0" errors="0" timestamp="2018-02-18T13:45:29" hostname="elx7431c177" time="5.051">
  <properties/>
  <testcase name="testFileChecker" classname="com.bugchecker.BugCheckerTest" time="5.051"/>
  <system-out><![CDATA[08:45:29.205 [Test worker] DEBUG org.reflections.Reflections - going to scan these urls:
file:/home/elnggng/SOEN691/ExceptionChecker/build/classes/main/
08:45:29.352 [Test worker] INFO org.reflections.Reflections - Reflections took 142 ms to scan 1 urls, producing 1 keys and 1 values 
]]></system-out>
  <system-err><![CDATA[]]></system-err>
</testsuite>
